<?xml version="1.0" encoding="UTF-8"?>
<!-- Generated by org.testng.reporters.JUnitReportReporter -->
<testsuite hostname="DESKTOP-FNI86KM" failures="0" tests="6" name="testNGTestPack.VerifySportsFunctionality" time="0.000" errors="0" timestamp="2023-09-27T17:30:50 IST" skipped="6">
  <testcase classname="testNGTestPack.VerifySportsFunctionality" name="verifyCricketFunctionality" time="0.000">
    <skipped/>
  </testcase> <!-- verifyCricketFunctionality -->
  <system-out/>
  <testcase classname="testNGTestPack.VerifySportsFunctionality" name="verifyCricketFunctionality" time="0.000">
    <skipped/>
  </testcase> <!-- verifyCricketFunctionality -->
  <system-out/>
  <testcase classname="testNGTestPack.VerifySportsFunctionality" name="verifyFootBallFunctionality" time="0.000">
    <skipped/>
  </testcase> <!-- verifyFootBallFunctionality -->
  <system-out/>
  <testcase classname="testNGTestPack.VerifySportsFunctionality" name="verifyFootBallFunctionality" time="0.000">
    <skipped/>
  </testcase> <!-- verifyFootBallFunctionality -->
  <system-out/>
  <testcase classname="testNGTestPack.VerifySportsFunctionality" name="verifyAsiaCupFunctonality" time="0.000">
    <skipped/>
  </testcase> <!-- verifyAsiaCupFunctonality -->
  <system-out/>
  <testcase classname="testNGTestPack.VerifySportsFunctionality" name="verifyAsiaCupFunctonality" time="0.000">
    <skipped/>
  </testcase> <!-- verifyAsiaCupFunctonality -->
  <system-out/>
</testsuite> <!-- testNGTestPack.VerifySportsFunctionality -->
