<?xml version="1.0" encoding="UTF-8"?>
<!-- Generated by org.testng.reporters.JUnitReportReporter -->
<testsuite hostname="DESKTOP-FNI86KM" failures="0" tests="2" name="testpackage.VerifyMoviesSectionFunctionalityTestNG" time="9.679" errors="0" timestamp="2023-09-24T13:21:43 IST" skipped="0">
  <testcase classname="testpackage.VerifyMoviesSectionFunctionalityTestNG" name="verifyPixarMoviesSection" time="5.531"/>
  <system-out/>
  <testcase classname="testpackage.VerifyMoviesSectionFunctionalityTestNG" name="verifyPopularMoviesSection" time="4.148"/>
  <system-out/>
</testsuite> <!-- testpackage.VerifyMoviesSectionFunctionalityTestNG -->
