<?xml version="1.0" encoding="UTF-8"?>
<!-- Generated by org.testng.reporters.JUnitReportReporter -->
<testsuite hostname="DESKTOP-FNI86KM" failures="0" tests="3" name="testpackage.VerifySportsModuleFunctionality" time="21.014" errors="0" timestamp="2023-09-24T13:14:45 IST" skipped="0">
  <testcase classname="testpackage.VerifySportsModuleFunctionality" name="verifyCricketSection" time="5.468"/>
  <system-out/>
  <testcase classname="testpackage.VerifySportsModuleFunctionality" name="verifyFootBallSection" time="7.012"/>
  <system-out/>
  <testcase classname="testpackage.VerifySportsModuleFunctionality" name="verifyAsiaCupSection" time="8.534"/>
  <system-out/>
</testsuite> <!-- testpackage.VerifySportsModuleFunctionality -->
