<?xml version="1.0" encoding="UTF-8"?>
<!-- Generated by org.testng.reporters.JUnitReportReporter -->
<testsuite hostname="DESKTOP-FNI86KM" failures="0" tests="3" name="testpackage.TestNg" time="20.457" errors="0" timestamp="2023-09-24T13:12:35 IST" skipped="0">
  <testcase classname="testpackage.TestNg" name="verifyAsiaCupSection" time="8.500"/>
  <system-out/>
  <testcase classname="testpackage.TestNg" name="verifyCricketSection" time="4.552"/>
  <system-out/>
  <testcase classname="testpackage.TestNg" name="verifyFootBallSection" time="7.405"/>
  <system-out/>
</testsuite> <!-- testpackage.TestNg -->
